Arguments: 
  C:\Program Files\nodejs\node.exe C:\Users\asus\AppData\Roaming\npm\node_modules\yarn\bin\yarn.js add statrbootstrap-sb-admin-2

PATH: 
  C:\Users\asus\bin;C:\Program Files\Git\mingw64\bin;C:\Program Files\Git\usr\local\bin;C:\Program Files\Git\usr\bin;C:\Program Files\Git\usr\bin;C:\Program Files\Git\mingw64\bin;C:\Program Files\Git\usr\bin;C:\Users\asus\bin;C:\Program Files (x86)\Intel\TXE Components\iCLS;C:\Program Files\Intel\TXE Components\iCLS;C:\Windows\system32;C:\Windows;C:\Windows\System32\Wbem;C:\Windows\System32\WindowsPowerShell\v1.0;C:\Windows\System32\OpenSSH;C:\Program Files\Intel\TXE Components\DAL;C:\Program Files (x86)\Intel\TXE Components\DAL;C:\Program Files\Intel\TXE Components\IPT;C:\Program Files (x86)\Intel\TXE Components\IPT;C:\Program Files\Git\cmd;C:\Program Files\nodejs;~\.cargo\bin;C:\xampp\php;C:\composer;C:\Hugo;C:\Program Files\PuTTY;C:\Users\asus\AppData\Local\Programs\Python\Python310\Scripts;C:\Users\asus\AppData\Local\Programs\Python\Python310;C:\Users\asus\.local\share\solana\install\active_release\bin;C:\Users\asus\.cargo\bin;C:\Users\asus\AppData\Local\Microsoft\WindowsApps;E:\Hugo\bin;E:\data\Heroku\bin;C:\Users\asus\AppData\Local\Programs\Microsoft VS Code\bin;C:\Users\asus\AppData\Roaming\npm;C:\Users\asus\AppData\Roaming\Composer\vendor\bin;C:\Users\asus\AppData\Local\GitHubDesktop\bin;C:\Program Files\Git\usr\bin\vendor_perl;C:\Program Files\Git\usr\bin\core_perl

Yarn version: 
  1.22.17

Node version: 
  16.13.2

Platform: 
  win32 x64

Trace: 
  Error: https://registry.yarnpkg.com/statrbootstrap-sb-admin-2: Not found
      at Request.params.callback [as _callback] (C:\Users\asus\AppData\Roaming\npm\node_modules\yarn\lib\cli.js:67029:18)
      at Request.self.callback (C:\Users\asus\AppData\Roaming\npm\node_modules\yarn\lib\cli.js:140883:22)
      at Request.emit (node:events:390:28)
      at Request.<anonymous> (C:\Users\asus\AppData\Roaming\npm\node_modules\yarn\lib\cli.js:141855:10)
      at Request.emit (node:events:390:28)
      at IncomingMessage.<anonymous> (C:\Users\asus\AppData\Roaming\npm\node_modules\yarn\lib\cli.js:141777:12)
      at Object.onceWrapper (node:events:509:28)
      at IncomingMessage.emit (node:events:402:35)
      at endReadableNT (node:internal/streams/readable:1343:12)
      at processTicksAndRejections (node:internal/process/task_queues:83:21)

npm manifest: 
  {
    "name": "staycation-server",
    "version": "0.0.0",
    "private": true,
    "scripts": {
      "start": "node ./bin/www"
    },
    "dependencies": {
      "cookie-parser": "~1.4.4",
      "debug": "~2.6.9",
      "ejs": "~2.6.1",
      "express": "~4.16.1",
      "http-errors": "~1.6.3",
      "mongoose": "^7.0.3",
      "morgan": "~1.9.1"
    }
  }

yarn manifest: 
  No manifest

Lockfile: 
  # THIS IS AN AUTOGENERATED FILE. DO NOT EDIT THIS FILE DIRECTLY.
  # yarn lockfile v1
  
  
  "@types/node@*":
    "integrity" "sha512-E5Kwq2n4SbMzQOn6wnmBjuK9ouqlURrcZDVfbo9ftDDTFt3nk7ZKK4GMOzoYgnpQJKcxwQw+lGaBvvlMo0qN/Q=="
    "resolved" "https://registry.npmjs.org/@types/node/-/node-18.15.11.tgz"
    "version" "18.15.11"
  
  "@types/webidl-conversions@*":
    "integrity" "sha512-xTE1E+YF4aWPJJeUzaZI5DRntlkY3+BCVJi0axFptnjGmAoWxkyREIh/XMrfxVLejwQxMCfDXdICo0VLxThrog=="
    "resolved" "https://registry.npmjs.org/@types/webidl-conversions/-/webidl-conversions-7.0.0.tgz"
    "version" "7.0.0"
  
  "@types/whatwg-url@^8.2.1":
    "integrity" "sha512-FtQu10RWgn3D9U4aazdwIE2yzphmTJREDqNdODHrbrZmmMqI0vMheC/6NE/J1Yveaj8H+ela+YwWTjq5PGmuhA=="
    "resolved" "https://registry.npmjs.org/@types/whatwg-url/-/whatwg-url-8.2.2.tgz"
    "version" "8.2.2"
    dependencies:
      "@types/node" "*"
      "@types/webidl-conversions" "*"
  
  "accepts@~1.3.5":
    "integrity" "sha512-PYAthTa2m2VKxuvSD3DPC/Gy+U+sOA1LAuT8mkmRuvw+NACSaeXEQ+NHcVF7rONl6qcaxV3Uuemwawk+7+SJLw=="
    "resolved" "https://registry.npmjs.org/accepts/-/accepts-1.3.8.tgz"
    "version" "1.3.8"
    dependencies:
      "mime-types" "~2.1.34"
      "negotiator" "0.6.3"
  
  "array-flatten@1.1.1":
    "integrity" "sha512-PCVAQswWemu6UdxsDFFX/+gVeYqKAod3D3UVm91jHwynguOwAvYPhx8nNlM++NqRcK6CxxpUafjmhIdKiHibqg=="
    "resolved" "https://registry.npmjs.org/array-flatten/-/array-flatten-1.1.1.tgz"
    "version" "1.1.1"
  
  "basic-auth@~2.0.0":
    "integrity" "sha512-NF+epuEdnUYVlGuhaxbbq+dvJttwLnGY+YixlXlME5KpQ5W3CnXA5cVTneY3SPbPDRkcjMbifrwmFYcClgOZeg=="
    "resolved" "https://registry.npmjs.org/basic-auth/-/basic-auth-2.0.1.tgz"
    "version" "2.0.1"
    dependencies:
      "safe-buffer" "5.1.2"
  
  "body-parser@1.18.3":
    "integrity" "sha512-YQyoqQG3sO8iCmf8+hyVpgHHOv0/hCEFiS4zTGUwTA1HjAFX66wRcNQrVCeJq9pgESMRvUAOvSil5MJlmccuKQ=="
    "resolved" "https://registry.npmjs.org/body-parser/-/body-parser-1.18.3.tgz"
    "version" "1.18.3"
    dependencies:
      "bytes" "3.0.0"
      "content-type" "~1.0.4"
      "debug" "2.6.9"
      "depd" "~1.1.2"
      "http-errors" "~1.6.3"
      "iconv-lite" "0.4.23"
      "on-finished" "~2.3.0"
      "qs" "6.5.2"
      "raw-body" "2.3.3"
      "type-is" "~1.6.16"
  
  "bson@^5.0.1":
    "integrity" "sha512-FEecNHkhYRBe7X9KDkdG12xNuz5VHGeH6mCE0B5sBmYtiR/Ux/9vUH/v4NUoBCDr6NuEhvahjoLiiRogptVW0A=="
    "resolved" "https://registry.npmjs.org/bson/-/bson-5.1.0.tgz"
    "version" "5.1.0"
  
  "bytes@3.0.0":
    "integrity" "sha512-pMhOfFDPiv9t5jjIXkHosWmkSyQbvsgEVNkz0ERHbuLh2T/7j4Mqqpz523Fe8MVY89KC6Sh/QfS2sM+SjgFDcw=="
    "resolved" "https://registry.npmjs.org/bytes/-/bytes-3.0.0.tgz"
    "version" "3.0.0"
  
  "content-disposition@0.5.2":
    "integrity" "sha512-kRGRZw3bLlFISDBgwTSA1TMBFN6J6GWDeubmDE3AF+3+yXL8hTWv8r5rkLbqYXY4RjPk/EzHnClI3zQf1cFmHA=="
    "resolved" "https://registry.npmjs.org/content-disposition/-/content-disposition-0.5.2.tgz"
    "version" "0.5.2"
  
  "content-type@~1.0.4":
    "integrity" "sha512-nTjqfcBFEipKdXCv4YDQWCfmcLZKm81ldF0pAopTvyrFGVbcR6P/VAAd5G7N+0tTr8QqiU0tFadD6FK4NtJwOA=="
    "resolved" "https://registry.npmjs.org/content-type/-/content-type-1.0.5.tgz"
    "version" "1.0.5"
  
  "cookie-parser@~1.4.4":
    "integrity" "sha512-z3IzaNjdwUC2olLIB5/ITd0/setiaFMLYiZJle7xg5Fe9KWAceil7xszYfHHBtDFYLSgJduS2Ty0P1uJdPDJeA=="
    "resolved" "https://registry.npmjs.org/cookie-parser/-/cookie-parser-1.4.6.tgz"
    "version" "1.4.6"
    dependencies:
      "cookie" "0.4.1"
      "cookie-signature" "1.0.6"
  
  "cookie-signature@1.0.6":
    "integrity" "sha512-QADzlaHc8icV8I7vbaJXJwod9HWYp8uCqf1xa4OfNu1T7JVxQIrUgOWtHdNDtPiywmFbiS12VjotIXLrKM3orQ=="
    "resolved" "https://registry.npmjs.org/cookie-signature/-/cookie-signature-1.0.6.tgz"
    "version" "1.0.6"
  
  "cookie@0.3.1":
    "integrity" "sha512-+IJOX0OqlHCszo2mBUq+SrEbCj6w7Kpffqx60zYbPTFaO4+yYgRjHwcZNpWvaTylDHaV7PPmBHzSecZiMhtPgw=="
    "resolved" "https://registry.npmjs.org/cookie/-/cookie-0.3.1.tgz"
    "version" "0.3.1"
  
  "cookie@0.4.1":
    "integrity" "sha512-ZwrFkGJxUR3EIoXtO+yVE69Eb7KlixbaeAWfBQB9vVsNn/o+Yw69gBWSSDK825hQNdN+wF8zELf3dFNl/kxkUA=="
    "resolved" "https://registry.npmjs.org/cookie/-/cookie-0.4.1.tgz"
    "version" "0.4.1"
  
  "debug@~2.6.9", "debug@2.6.9":
    "integrity" "sha512-bC7ElrdJaJnPbAP+1EotYvqZsb3ecl5wi6Bfi6BJTUcNowp6cvspg0jXznRTKDjm/E7AdgFBVeAPVMNcKGsHMA=="
    "resolved" "https://registry.npmjs.org/debug/-/debug-2.6.9.tgz"
    "version" "2.6.9"
    dependencies:
      "ms" "2.0.0"
  
  "debug@4.x":
    "integrity" "sha512-PRWFHuSU3eDtQJPvnNY7Jcket1j0t5OuOsFzPPzsekD52Zl8qUfFIPEiswXqIvHWGVHOgX+7G/vCNNhehwxfkQ=="
    "resolved" "https://registry.npmjs.org/debug/-/debug-4.3.4.tgz"
    "version" "4.3.4"
    dependencies:
      "ms" "2.1.2"
  
  "depd@~1.1.2":
    "integrity" "sha512-7emPTl6Dpo6JRXOXjLRxck+FlLRX5847cLKEn00PLAgc3g2hTZZgr+e4c2v6QpSmLeFP3n5yUo7ft6avBK/5jQ=="
    "resolved" "https://registry.npmjs.org/depd/-/depd-1.1.2.tgz"
    "version" "1.1.2"
  
  "destroy@~1.0.4":
    "integrity" "sha512-3NdhDuEXnfun/z7x9GOElY49LoqVHoGScmOKwmxhsS8N5Y+Z8KyPPDnaSzqWgYt/ji4mqwfTS34Htrk0zPIXVg=="
    "resolved" "https://registry.npmjs.org/destroy/-/destroy-1.0.4.tgz"
    "version" "1.0.4"
  
  "ee-first@1.1.1":
    "integrity" "sha512-WMwm9LhRUo+WUaRN+vRuETqG89IgZphVSNkdFgeb6sS/E4OrDIN7t48CAewSHXc6C8lefD8KKfr5vY61brQlow=="
    "resolved" "https://registry.npmjs.org/ee-first/-/ee-first-1.1.1.tgz"
    "version" "1.1.1"
  
  "ejs@~2.6.1":
    "integrity" "sha512-PcW2a0tyTuPHz3tWyYqtK6r1fZ3gp+3Sop8Ph+ZYN81Ob5rwmbHEzaqs10N3BEsaGTkh/ooniXK+WwszGlc2+Q=="
    "resolved" "https://registry.npmjs.org/ejs/-/ejs-2.6.2.tgz"
    "version" "2.6.2"
  
  "encodeurl@~1.0.2":
    "integrity" "sha512-TPJXq8JqFaVYm2CWmPvnP2Iyo4ZSM7/QKcSmuMLDObfpH5fi7RUGmd/rTDf+rut/saiDiQEeVTNgAmJEdAOx0w=="
    "resolved" "https://registry.npmjs.org/encodeurl/-/encodeurl-1.0.2.tgz"
    "version" "1.0.2"
  
  "escape-html@~1.0.3":
    "integrity" "sha512-NiSupZ4OeuGwr68lGIeym/ksIZMJodUGOSCZ/FSnTxcrekbvqrgdUxlJOMpijaKZVjAJrWrGs/6Jy8OMuyj9ow=="
    "resolved" "https://registry.npmjs.org/escape-html/-/escape-html-1.0.3.tgz"
    "version" "1.0.3"
  
  "etag@~1.8.1":
    "integrity" "sha512-aIL5Fx7mawVa300al2BnEE4iNvo1qETxLrPI/o05L7z6go7fCw1J6EQmbK4FmJ2AS7kgVF/KEZWufBfdClMcPg=="
    "resolved" "https://registry.npmjs.org/etag/-/etag-1.8.1.tgz"
    "version" "1.8.1"
  
  "express@~4.16.1":
    "integrity" "sha512-j12Uuyb4FMrd/qQAm6uCHAkPtO8FDTRJZBDd5D2KOL2eLaz1yUNdUB/NOIyq0iU4q4cFarsUCrnFDPBcnksuOg=="
    "resolved" "https://registry.npmjs.org/express/-/express-4.16.4.tgz"
    "version" "4.16.4"
    dependencies:
      "accepts" "~1.3.5"
      "array-flatten" "1.1.1"
      "body-parser" "1.18.3"
      "content-disposition" "0.5.2"
      "content-type" "~1.0.4"
      "cookie" "0.3.1"
      "cookie-signature" "1.0.6"
      "debug" "2.6.9"
      "depd" "~1.1.2"
      "encodeurl" "~1.0.2"
      "escape-html" "~1.0.3"
      "etag" "~1.8.1"
      "finalhandler" "1.1.1"
      "fresh" "0.5.2"
      "merge-descriptors" "1.0.1"
      "methods" "~1.1.2"
      "on-finished" "~2.3.0"
      "parseurl" "~1.3.2"
      "path-to-regexp" "0.1.7"
      "proxy-addr" "~2.0.4"
      "qs" "6.5.2"
      "range-parser" "~1.2.0"
      "safe-buffer" "5.1.2"
      "send" "0.16.2"
      "serve-static" "1.13.2"
      "setprototypeof" "1.1.0"
      "statuses" "~1.4.0"
      "type-is" "~1.6.16"
      "utils-merge" "1.0.1"
      "vary" "~1.1.2"
  
  "finalhandler@1.1.1":
    "integrity" "sha512-Y1GUDo39ez4aHAw7MysnUD5JzYX+WaIj8I57kO3aEPT1fFRL4sr7mjei97FgnwhAyyzRYmQZaTHb2+9uZ1dPtg=="
    "resolved" "https://registry.npmjs.org/finalhandler/-/finalhandler-1.1.1.tgz"
    "version" "1.1.1"
    dependencies:
      "debug" "2.6.9"
      "encodeurl" "~1.0.2"
      "escape-html" "~1.0.3"
      "on-finished" "~2.3.0"
      "parseurl" "~1.3.2"
      "statuses" "~1.4.0"
      "unpipe" "~1.0.0"
  
  "forwarded@0.2.0":
    "integrity" "sha512-buRG0fpBtRHSTCOASe6hD258tEubFoRLb4ZNA6NxMVHNw2gOcwHo9wyablzMzOA5z9xA9L1KNjk/Nt6MT9aYow=="
    "resolved" "https://registry.npmjs.org/forwarded/-/forwarded-0.2.0.tgz"
    "version" "0.2.0"
  
  "fresh@0.5.2":
    "integrity" "sha512-zJ2mQYM18rEFOudeV4GShTGIQ7RbzA7ozbU9I/XBpm7kqgMywgmylMwXHxZJmkVoYkna9d2pVXVXPdYTP9ej8Q=="
    "resolved" "https://registry.npmjs.org/fresh/-/fresh-0.5.2.tgz"
    "version" "0.5.2"
  
  "http-errors@~1.6.2", "http-errors@~1.6.3", "http-errors@1.6.3":
    "integrity" "sha512-lks+lVC8dgGyh97jxvxeYTWQFvh4uw4yC12gVl63Cg30sjPX4wuGcdkICVXDAESr6OJGjqGA8Iz5mkeN6zlD7A=="
    "resolved" "https://registry.npmjs.org/http-errors/-/http-errors-1.6.3.tgz"
    "version" "1.6.3"
    dependencies:
      "depd" "~1.1.2"
      "inherits" "2.0.3"
      "setprototypeof" "1.1.0"
      "statuses" ">= 1.4.0 < 2"
  
  "iconv-lite@0.4.23":
    "integrity" "sha512-neyTUVFtahjf0mB3dZT77u+8O0QB89jFdnBkd5P1JgYPbPaia3gXXOVL2fq8VyU2gMMD7SaN7QukTB/pmXYvDA=="
    "resolved" "https://registry.npmjs.org/iconv-lite/-/iconv-lite-0.4.23.tgz"
    "version" "0.4.23"
    dependencies:
      "safer-buffer" ">= 2.1.2 < 3"
  
  "inherits@2.0.3":
    "integrity" "sha512-x00IRNXNy63jwGkJmzPigoySHbaqpNuzKbBOmzK+g2OdZpQ9w+sxCN+VSB3ja7IAge2OP2qpfxTjeNcyjmW1uw=="
    "resolved" "https://registry.npmjs.org/inherits/-/inherits-2.0.3.tgz"
    "version" "2.0.3"
  
  "ip@^2.0.0":
    "integrity" "sha512-WKa+XuLG1A1R0UWhl2+1XQSi+fZWMsYKffMZTTYsiZaUD8k2yDAj5atimTUD2TZkyCkNEeYE5NhFZmupOGtjYQ=="
    "resolved" "https://registry.npmjs.org/ip/-/ip-2.0.0.tgz"
    "version" "2.0.0"
  
  "ipaddr.js@1.9.1":
    "integrity" "sha512-0KI/607xoxSToH7GjN1FfSbLoU0+btTicjsQSWQlh/hZykN8KpmMf7uYwPW3R+akZ6R/w18ZlXSHBYXiYUPO3g=="
    "resolved" "https://registry.npmjs.org/ipaddr.js/-/ipaddr.js-1.9.1.tgz"
    "version" "1.9.1"
  
  "kareem@2.5.1":
    "integrity" "sha512-7jFxRVm+jD+rkq3kY0iZDJfsO2/t4BBPeEb2qKn2lR/9KhuksYk5hxzfRYWMPV8P/x2d0kHD306YyWLzjjH+uA=="
    "resolved" "https://registry.npmjs.org/kareem/-/kareem-2.5.1.tgz"
    "version" "2.5.1"
  
  "media-typer@0.3.0":
    "integrity" "sha512-dq+qelQ9akHpcOl/gUVRTxVIOkAJ1wR3QAvb4RsVjS8oVoFjDGTc679wJYmUmknUF5HwMLOgb5O+a3KxfWapPQ=="
    "resolved" "https://registry.npmjs.org/media-typer/-/media-typer-0.3.0.tgz"
    "version" "0.3.0"
  
  "memory-pager@^1.0.2":
    "integrity" "sha512-ZS4Bp4r/Zoeq6+NLJpP+0Zzm0pR8whtGPf1XExKLJBAczGMnSi3It14OiNCStjQjM6NU1okjQGSxgEZN8eBYKg=="
    "resolved" "https://registry.npmjs.org/memory-pager/-/memory-pager-1.5.0.tgz"
    "version" "1.5.0"
  
  "merge-descriptors@1.0.1":
    "integrity" "sha512-cCi6g3/Zr1iqQi6ySbseM1Xvooa98N0w31jzUYrXPX2xqObmFGHJ0tQ5u74H3mVh7wLouTseZyYIq39g8cNp1w=="
    "resolved" "https://registry.npmjs.org/merge-descriptors/-/merge-descriptors-1.0.1.tgz"
    "version" "1.0.1"
  
  "methods@~1.1.2":
    "integrity" "sha512-iclAHeNqNm68zFtnZ0e+1L2yUIdvzNoauKU4WBA3VvH/vPFieF7qfRlwUZU+DA9P9bPXIS90ulxoUoCH23sV2w=="
    "resolved" "https://registry.npmjs.org/methods/-/methods-1.1.2.tgz"
    "version" "1.1.2"
  
  "mime-db@1.52.0":
    "integrity" "sha512-sPU4uV7dYlvtWJxwwxHD0PuihVNiE7TyAbQ5SWxDCB9mUYvOgroQOwYQQOKPJ8CIbE+1ETVlOoK1UC2nU3gYvg=="
    "resolved" "https://registry.npmjs.org/mime-db/-/mime-db-1.52.0.tgz"
    "version" "1.52.0"
  
  "mime-types@~2.1.24", "mime-types@~2.1.34":
    "integrity" "sha512-ZDY+bPm5zTTF+YpCrAU9nK0UgICYPT0QtT1NZWFv4s++TNkcgVaT0g6+4R2uI4MjQjzysHB1zxuWL50hzaeXiw=="
    "resolved" "https://registry.npmjs.org/mime-types/-/mime-types-2.1.35.tgz"
    "version" "2.1.35"
    dependencies:
      "mime-db" "1.52.0"
  
  "mime@1.4.1":
    "integrity" "sha512-KI1+qOZu5DcW6wayYHSzR/tXKCDC5Om4s1z2QJjDULzLcmf3DvzS7oluY4HCTrc+9FiKmWUgeNLg7W3uIQvxtQ=="
    "resolved" "https://registry.npmjs.org/mime/-/mime-1.4.1.tgz"
    "version" "1.4.1"
  
  "mongodb-connection-string-url@^2.6.0":
    "integrity" "sha512-WvTZlI9ab0QYtTYnuMLgobULWhokRjtC7db9LtcVfJ+Hsnyr5eo6ZtNAt3Ly24XZScGMelOcGtm7lSn0332tPQ=="
    "resolved" "https://registry.npmjs.org/mongodb-connection-string-url/-/mongodb-connection-string-url-2.6.0.tgz"
    "version" "2.6.0"
    dependencies:
      "@types/whatwg-url" "^8.2.1"
      "whatwg-url" "^11.0.0"
  
  "mongodb@5.1.0":
    "integrity" "sha512-qgKb7y+EI90y4weY3z5+lIgm8wmexbonz0GalHkSElQXVKtRuwqXuhXKccyvIjXCJVy9qPV82zsinY0W1FBnJw=="
    "resolved" "https://registry.npmjs.org/mongodb/-/mongodb-5.1.0.tgz"
    "version" "5.1.0"
    dependencies:
      "bson" "^5.0.1"
      "mongodb-connection-string-url" "^2.6.0"
      "socks" "^2.7.1"
    optionalDependencies:
      "saslprep" "^1.0.3"
  
  "mongoose@^7.0.3":
    "integrity" "sha512-3n8vc1/mssuxKa6vfghSocp3MeiCFYzhX36Ok+PsDNNYzHC9tw3rNkAMLemIwZ2jgXqkZ7CfKOxkzjp/d/SWfg=="
    "resolved" "https://registry.npmjs.org/mongoose/-/mongoose-7.0.3.tgz"
    "version" "7.0.3"
    dependencies:
      "bson" "^5.0.1"
      "kareem" "2.5.1"
      "mongodb" "5.1.0"
      "mpath" "0.9.0"
      "mquery" "5.0.0"
      "ms" "2.1.3"
      "sift" "16.0.1"
  
  "morgan@~1.9.1":
    "integrity" "sha512-HQStPIV4y3afTiCYVxirakhlCfGkI161c76kKFca7Fk1JusM//Qeo1ej2XaMniiNeaZklMVrh3vTtIzpzwbpmA=="
    "resolved" "https://registry.npmjs.org/morgan/-/morgan-1.9.1.tgz"
    "version" "1.9.1"
    dependencies:
      "basic-auth" "~2.0.0"
      "debug" "2.6.9"
      "depd" "~1.1.2"
      "on-finished" "~2.3.0"
      "on-headers" "~1.0.1"
  
  "mpath@0.9.0":
    "integrity" "sha512-ikJRQTk8hw5DEoFVxHG1Gn9T/xcjtdnOKIU1JTmGjZZlg9LST2mBLmcX3/ICIbgJydT2GOc15RnNy5mHmzfSew=="
    "resolved" "https://registry.npmjs.org/mpath/-/mpath-0.9.0.tgz"
    "version" "0.9.0"
  
  "mquery@5.0.0":
    "integrity" "sha512-iQMncpmEK8R8ncT8HJGsGc9Dsp8xcgYMVSbs5jgnm1lFHTZqMJTUWTDx1LBO8+mK3tPNZWFLBghQEIOULSTHZg=="
    "resolved" "https://registry.npmjs.org/mquery/-/mquery-5.0.0.tgz"
    "version" "5.0.0"
    dependencies:
      "debug" "4.x"
  
  "ms@2.0.0":
    "integrity" "sha512-Tpp60P6IUJDTuOq/5Z8cdskzJujfwqfOTkrwIwj7IRISpnkJnT6SyJ4PCPnGMoFjC9ddhal5KVIYtAt97ix05A=="
    "resolved" "https://registry.npmjs.org/ms/-/ms-2.0.0.tgz"
    "version" "2.0.0"
  
  "ms@2.1.2":
    "integrity" "sha512-sGkPx+VjMtmA6MX27oA4FBFELFCZZ4S4XqeGOXCv68tT+jb3vk/RyaKWP0PTKyWtmLSM0b+adUTEvbs1PEaH2w=="
    "resolved" "https://registry.npmjs.org/ms/-/ms-2.1.2.tgz"
    "version" "2.1.2"
  
  "ms@2.1.3":
    "integrity" "sha512-6FlzubTLZG3J2a/NVCAleEhjzq5oxgHyaCU9yYXvcLsvoVaHJq/s5xXI6/XXP6tz7R9xAOtHnSO/tXtF3WRTlA=="
    "resolved" "https://registry.npmjs.org/ms/-/ms-2.1.3.tgz"
    "version" "2.1.3"
  
  "negotiator@0.6.3":
    "integrity" "sha512-+EUsqGPLsM+j/zdChZjsnX51g4XrHFOIXwfnCVPGlQk/k5giakcKsuxCObBRu6DSm9opw/O6slWbJdghQM4bBg=="
    "resolved" "https://registry.npmjs.org/negotiator/-/negotiator-0.6.3.tgz"
    "version" "0.6.3"
  
  "on-finished@~2.3.0":
    "integrity" "sha512-ikqdkGAAyf/X/gPhXGvfgAytDZtDbr+bkNUJ0N9h5MI/dmdgCs3l6hoHrcUv41sRKew3jIwrp4qQDXiK99Utww=="
    "resolved" "https://registry.npmjs.org/on-finished/-/on-finished-2.3.0.tgz"
    "version" "2.3.0"
    dependencies:
      "ee-first" "1.1.1"
  
  "on-headers@~1.0.1":
    "integrity" "sha512-pZAE+FJLoyITytdqK0U5s+FIpjN0JP3OzFi/u8Rx+EV5/W+JTWGXG8xFzevE7AjBfDqHv/8vL8qQsIhHnqRkrA=="
    "resolved" "https://registry.npmjs.org/on-headers/-/on-headers-1.0.2.tgz"
    "version" "1.0.2"
  
  "parseurl@~1.3.2":
    "integrity" "sha512-CiyeOxFT/JZyN5m0z9PfXw4SCBJ6Sygz1Dpl0wqjlhDEGGBP1GnsUVEL0p63hoG1fcj3fHynXi9NYO4nWOL+qQ=="
    "resolved" "https://registry.npmjs.org/parseurl/-/parseurl-1.3.3.tgz"
    "version" "1.3.3"
  
  "path-to-regexp@0.1.7":
    "integrity" "sha512-5DFkuoqlv1uYQKxy8omFBeJPQcdoE07Kv2sferDCrAq1ohOU+MSDswDIbnx3YAM60qIOnYa53wBhXW0EbMonrQ=="
    "resolved" "https://registry.npmjs.org/path-to-regexp/-/path-to-regexp-0.1.7.tgz"
    "version" "0.1.7"
  
  "proxy-addr@~2.0.4":
    "integrity" "sha512-llQsMLSUDUPT44jdrU/O37qlnifitDP+ZwrmmZcoSKyLKvtZxpyV0n2/bD/N4tBAAZ/gJEdZU7KMraoK1+XYAg=="
    "resolved" "https://registry.npmjs.org/proxy-addr/-/proxy-addr-2.0.7.tgz"
    "version" "2.0.7"
    dependencies:
      "forwarded" "0.2.0"
      "ipaddr.js" "1.9.1"
  
  "punycode@^2.1.1":
    "integrity" "sha512-rRV+zQD8tVFys26lAGR9WUuS4iUAngJScM+ZRSKtvl5tKeZ2t5bvdNFdNHBW9FWR4guGHlgmsZ1G7BSm2wTbuA=="
    "resolved" "https://registry.npmjs.org/punycode/-/punycode-2.3.0.tgz"
    "version" "2.3.0"
  
  "qs@6.5.2":
    "integrity" "sha512-N5ZAX4/LxJmF+7wN74pUD6qAh9/wnvdQcjq9TZjevvXzSUo7bfmw91saqMjzGS2xq91/odN2dW/WOl7qQHNDGA=="
    "resolved" "https://registry.npmjs.org/qs/-/qs-6.5.2.tgz"
    "version" "6.5.2"
  
  "range-parser@~1.2.0":
    "integrity" "sha512-Hrgsx+orqoygnmhFbKaHE6c296J+HTAQXoxEF6gNupROmmGJRoyzfG3ccAveqCBrwr/2yxQ5BVd/GTl5agOwSg=="
    "resolved" "https://registry.npmjs.org/range-parser/-/range-parser-1.2.1.tgz"
    "version" "1.2.1"
  
  "raw-body@2.3.3":
    "integrity" "sha512-9esiElv1BrZoI3rCDuOuKCBRbuApGGaDPQfjSflGxdy4oyzqghxu6klEkkVIvBje+FF0BX9coEv8KqW6X/7njw=="
    "resolved" "https://registry.npmjs.org/raw-body/-/raw-body-2.3.3.tgz"
    "version" "2.3.3"
    dependencies:
      "bytes" "3.0.0"
      "http-errors" "1.6.3"
      "iconv-lite" "0.4.23"
      "unpipe" "1.0.0"
  
  "safe-buffer@5.1.2":
    "integrity" "sha512-Gd2UZBJDkXlY7GbJxfsE8/nvKkUEU1G38c1siN6QP6a9PT9MmHB8GnpscSmMJSoF8LOIrt8ud/wPtojys4G6+g=="
    "resolved" "https://registry.npmjs.org/safe-buffer/-/safe-buffer-5.1.2.tgz"
    "version" "5.1.2"
  
  "safer-buffer@>= 2.1.2 < 3":
    "integrity" "sha512-YZo3K82SD7Riyi0E1EQPojLz7kpepnSQI9IyPbHHg1XXXevb5dJI7tpyN2ADxGcQbHG7vcyRHk0cbwqcQriUtg=="
    "resolved" "https://registry.npmjs.org/safer-buffer/-/safer-buffer-2.1.2.tgz"
    "version" "2.1.2"
  
  "saslprep@^1.0.3":
    "integrity" "sha512-/MY/PEMbk2SuY5sScONwhUDsV2p77Znkb/q3nSVstq/yQzYJOH/Azh29p9oJLsl3LnQwSvZDKagDGBsBwSooag=="
    "resolved" "https://registry.npmjs.org/saslprep/-/saslprep-1.0.3.tgz"
    "version" "1.0.3"
    dependencies:
      "sparse-bitfield" "^3.0.3"
  
  "send@0.16.2":
    "integrity" "sha512-E64YFPUssFHEFBvpbbjr44NCLtI1AohxQ8ZSiJjQLskAdKuriYEP6VyGEsRDH8ScozGpkaX1BGvhanqCwkcEZw=="
    "resolved" "https://registry.npmjs.org/send/-/send-0.16.2.tgz"
    "version" "0.16.2"
    dependencies:
      "debug" "2.6.9"
      "depd" "~1.1.2"
      "destroy" "~1.0.4"
      "encodeurl" "~1.0.2"
      "escape-html" "~1.0.3"
      "etag" "~1.8.1"
      "fresh" "0.5.2"
      "http-errors" "~1.6.2"
      "mime" "1.4.1"
      "ms" "2.0.0"
      "on-finished" "~2.3.0"
      "range-parser" "~1.2.0"
      "statuses" "~1.4.0"
  
  "serve-static@1.13.2":
    "integrity" "sha512-p/tdJrO4U387R9oMjb1oj7qSMaMfmOyd4j9hOFoxZe2baQszgHcSWjuya/CiT5kgZZKRudHNOA0pYXOl8rQ5nw=="
    "resolved" "https://registry.npmjs.org/serve-static/-/serve-static-1.13.2.tgz"
    "version" "1.13.2"
    dependencies:
      "encodeurl" "~1.0.2"
      "escape-html" "~1.0.3"
      "parseurl" "~1.3.2"
      "send" "0.16.2"
  
  "setprototypeof@1.1.0":
    "integrity" "sha512-BvE/TwpZX4FXExxOxZyRGQQv651MSwmWKZGqvmPcRIjDqWub67kTKuIMx43cZZrS/cBBzwBcNDWoFxt2XEFIpQ=="
    "resolved" "https://registry.npmjs.org/setprototypeof/-/setprototypeof-1.1.0.tgz"
    "version" "1.1.0"
  
  "sift@16.0.1":
    "integrity" "sha512-Wv6BjQ5zbhW7VFefWusVP33T/EM0vYikCaQ2qR8yULbsilAT8/wQaXvuQ3ptGLpoKx+lihJE3y2UTgKDyyNHZQ=="
    "resolved" "https://registry.npmjs.org/sift/-/sift-16.0.1.tgz"
    "version" "16.0.1"
  
  "smart-buffer@^4.2.0":
    "integrity" "sha512-94hK0Hh8rPqQl2xXc3HsaBoOXKV20MToPkcXvwbISWLEs+64sBq5kFgn2kJDHb1Pry9yrP0dxrCI9RRci7RXKg=="
    "resolved" "https://registry.npmjs.org/smart-buffer/-/smart-buffer-4.2.0.tgz"
    "version" "4.2.0"
  
  "socks@^2.7.1":
    "integrity" "sha512-7maUZy1N7uo6+WVEX6psASxtNlKaNVMlGQKkG/63nEDdLOWNbiUMoLK7X4uYoLhQstau72mLgfEWcXcwsaHbYQ=="
    "resolved" "https://registry.npmjs.org/socks/-/socks-2.7.1.tgz"
    "version" "2.7.1"
    dependencies:
      "ip" "^2.0.0"
      "smart-buffer" "^4.2.0"
  
  "sparse-bitfield@^3.0.3":
    "integrity" "sha512-kvzhi7vqKTfkh0PZU+2D2PIllw2ymqJKujUcyPMd9Y75Nv4nPbGJZXNhxsgdQab2BmlDct1YnfQCguEvHr7VsQ=="
    "resolved" "https://registry.npmjs.org/sparse-bitfield/-/sparse-bitfield-3.0.3.tgz"
    "version" "3.0.3"
    dependencies:
      "memory-pager" "^1.0.2"
  
  "statuses@>= 1.4.0 < 2":
    "integrity" "sha512-OpZ3zP+jT1PI7I8nemJX4AKmAX070ZkYPVWV/AaKTJl+tXCTGyVdC1a4SL8RUQYEwk/f34ZX8UTykN68FwrqAA=="
    "resolved" "https://registry.npmjs.org/statuses/-/statuses-1.5.0.tgz"
    "version" "1.5.0"
  
  "statuses@~1.4.0":
    "integrity" "sha512-zhSCtt8v2NDrRlPQpCNtw/heZLtfUDqxBM1udqikb/Hbk52LK4nQSwr10u77iopCW5LsyHpuXS0GnEc48mLeew=="
    "resolved" "https://registry.npmjs.org/statuses/-/statuses-1.4.0.tgz"
    "version" "1.4.0"
  
  "tr46@^3.0.0":
    "integrity" "sha512-l7FvfAHlcmulp8kr+flpQZmVwtu7nfRV7NZujtN0OqES8EL4O4e0qqzL0DC5gAvx/ZC/9lk6rhcUwYvkBnBnYA=="
    "resolved" "https://registry.npmjs.org/tr46/-/tr46-3.0.0.tgz"
    "version" "3.0.0"
    dependencies:
      "punycode" "^2.1.1"
  
  "type-is@~1.6.16":
    "integrity" "sha512-TkRKr9sUTxEH8MdfuCSP7VizJyzRNMjj2J2do2Jr3Kym598JVdEksuzPQCnlFPW4ky9Q+iA+ma9BGm06XQBy8g=="
    "resolved" "https://registry.npmjs.org/type-is/-/type-is-1.6.18.tgz"
    "version" "1.6.18"
    dependencies:
      "media-typer" "0.3.0"
      "mime-types" "~2.1.24"
  
  "unpipe@~1.0.0", "unpipe@1.0.0":
    "integrity" "sha512-pjy2bYhSsufwWlKwPc+l3cN7+wuJlK6uz0YdJEOlQDbl6jo/YlPi4mb8agUkVC8BF7V8NuzeyPNqRksA3hztKQ=="
    "resolved" "https://registry.npmjs.org/unpipe/-/unpipe-1.0.0.tgz"
    "version" "1.0.0"
  
  "utils-merge@1.0.1":
    "integrity" "sha512-pMZTvIkT1d+TFGvDOqodOclx0QWkkgi6Tdoa8gC8ffGAAqz9pzPTZWAybbsHHoED/ztMtkv/VoYTYyShUn81hA=="
    "resolved" "https://registry.npmjs.org/utils-merge/-/utils-merge-1.0.1.tgz"
    "version" "1.0.1"
  
  "vary@~1.1.2":
    "integrity" "sha512-BNGbWLfd0eUPabhkXUVm0j8uuvREyTh5ovRa/dyow/BqAbZJyC+5fU+IzQOzmAKzYqYRAISoRhdQr3eIZ/PXqg=="
    "resolved" "https://registry.npmjs.org/vary/-/vary-1.1.2.tgz"
    "version" "1.1.2"
  
  "webidl-conversions@^7.0.0":
    "integrity" "sha512-VwddBukDzu71offAQR975unBIGqfKZpM+8ZX6ySk8nYhVoo5CYaZyzt3YBvYtRtO+aoGlqxPg/B87NGVZ/fu6g=="
    "resolved" "https://registry.npmjs.org/webidl-conversions/-/webidl-conversions-7.0.0.tgz"
    "version" "7.0.0"
  
  "whatwg-url@^11.0.0":
    "integrity" "sha512-RKT8HExMpoYx4igMiVMY83lN6UeITKJlBQ+vR/8ZJ8OCdSiN3RwCq+9gH0+Xzj0+5IrM6i4j/6LuvzbZIQgEcQ=="
    "resolved" "https://registry.npmjs.org/whatwg-url/-/whatwg-url-11.0.0.tgz"
    "version" "11.0.0"
    dependencies:
      "tr46" "^3.0.0"
      "webidl-conversions" "^7.0.0"
